<?xml version="1.0" encoding="UTF-8"?>
<!-- Generated by org.testng.reporters.JUnitReportReporter -->
<testsuite hostname="EC2AMAZ-S11DBRH" failures="0" tests="1" name="runners.RerunRunner" time="7.188" errors="0" timestamp="2023-07-25T06:24:26 GMT" skipped="0">
  <testcase classname="runners.RerunRunner" name="runScenario" time="7.188"/>
  <system-out/>
</testsuite> <!-- runners.RerunRunner -->
