<?xml version="1.0" encoding="UTF-8"?>
<!-- Generated by org.testng.reporters.JUnitReportReporter -->
<testsuite hostname="EC2AMAZ-S11DBRH" failures="0" tests="1" name="runners.GooglePageRunner" time="8.487" errors="0" timestamp="2023-07-24T07:59:07 GMT" skipped="0">
  <testcase classname="runners.GooglePageRunner" name="runScenario" time="8.487"/>
  <system-out/>
</testsuite> <!-- runners.GooglePageRunner -->
